<?xml version="1.0" encoding="UTF-8"?>
<testng-results ignored="0" total="1" passed="1" failed="0" skipped="0">
  <reporter-output>
    <line>
      <![CDATA[running TC]]>
    </line>
    <line>
      <![CDATA[running from llogout]]>
    </line>
    <line>
      <![CDATA[running from close Browser]]>
    </line>
  </reporter-output>
  <suite started-at="2022-09-07T00:37:45 IST" name="Default suite" finished-at="2022-09-07T00:38:01 IST" duration-ms="16235">
    <groups>
    </groups>
    <test started-at="2022-09-07T00:37:45 IST" name="Default test" finished-at="2022-09-07T00:38:01 IST" duration-ms="16235">
      <class name="Base_Utility_ActiTest.ActiTest">
        <test-method is-config="true" signature="openBrowser()[pri:0, instance:Base_Utility_ActiTest.ActiTest@4b45a2f5]" started-at="2022-09-07T00:37:45 IST" name="openBrowser" finished-at="2022-09-07T00:37:59 IST" duration-ms="14032" status="PASS">
          <reporter-output>
          </reporter-output>
        </test-method> <!-- openBrowser -->
        <test-method is-config="true" signature="loginToapp()[pri:0, instance:Base_Utility_ActiTest.ActiTest@4b45a2f5]" started-at="2022-09-07T00:37:59 IST" name="loginToapp" finished-at="2022-09-07T00:38:01 IST" duration-ms="2077" status="PASS">
          <reporter-output>
          </reporter-output>
        </test-method> <!-- loginToapp -->
        <test-method signature="nothing()[pri:0, instance:Base_Utility_ActiTest.ActiTest@4b45a2f5]" started-at="2022-09-07T00:38:01 IST" name="nothing" finished-at="2022-09-07T00:38:01 IST" duration-ms="11" status="PASS">
          <reporter-output>
            <line>
              <![CDATA[running TC]]>
            </line>
          </reporter-output>
        </test-method> <!-- nothing -->
        <test-method is-config="true" signature="logOut()[pri:0, instance:Base_Utility_ActiTest.ActiTest@4b45a2f5]" started-at="2022-09-07T00:38:01 IST" name="logOut" finished-at="2022-09-07T00:38:01 IST" duration-ms="3" status="PASS">
          <reporter-output>
            <line>
              <![CDATA[running from llogout]]>
            </line>
          </reporter-output>
        </test-method> <!-- logOut -->
        <test-method is-config="true" signature="closeBrowser()[pri:0, instance:Base_Utility_ActiTest.ActiTest@4b45a2f5]" started-at="2022-09-07T00:38:01 IST" name="closeBrowser" finished-at="2022-09-07T00:38:01 IST" duration-ms="1" status="PASS">
          <reporter-output>
            <line>
              <![CDATA[running from close Browser]]>
            </line>
          </reporter-output>
        </test-method> <!-- closeBrowser -->
      </class> <!-- Base_Utility_ActiTest.ActiTest -->
    </test> <!-- Default test -->
  </suite> <!-- Default suite -->
</testng-results>
